app/build/intermediates/manifest_merge_blame_file/debug/processDebugMainManifest/manifest-merger-blame-debug-report.txt
1<?xml version="1.0" encoding="utf-8"?>
2<manifest xmlns:android="http://schemas.android.com/apk/res/android"
3    package="com.primaloptima.scribe"
4    android:versionCode="1"
5    android:versionName="1.0.0" >
6
7    <uses-sdk
7-->INJECTED
8        android:minSdkVersion="23"
8-->INJECTED
9        android:targetSdkVersion="37" />
9-->INJECTED
10
11    <!-- SAF file access (no storage permission needed — SAF grants URI access) -->
12    <!-- Legacy external storage permission for image picker on older devices -->
13    <uses-permission
13-->src/main/AndroidManifest.xml:7:5-9:38
14        android:name="android.permission.READ_EXTERNAL_STORAGE"
14-->src/main/AndroidManifest.xml:8:9-64
15        android:maxSdkVersion="32" />
15-->src/main/AndroidManifest.xml:9:9-35
16    <!-- Scoped media access on Android 13+ for book cover photos and sheet portraits -->
17    <uses-permission android:name="android.permission.READ_MEDIA_IMAGES" />
17-->src/main/AndroidManifest.xml:11:5-13:71
17-->src/main/AndroidManifest.xml:12:9-60
18    <!-- Camera for capturing cover / portrait photos -->
19    <uses-permission android:name="android.permission.CAMERA" />
19-->src/main/AndroidManifest.xml:15:5-65
19-->src/main/AndroidManifest.xml:15:22-62
20
21    <permission
21-->[androidx.core:core:1.18.0] AndroidManifest.xml:22:5-24:47
22        android:name="com.primaloptima.scribe.DYNAMIC_RECEIVER_NOT_EXPORTED_PERMISSION"
22-->[androidx.core:core:1.18.0] AndroidManifest.xml:23:9-81
23        android:protectionLevel="signature" />
23-->[androidx.core:core:1.18.0] AndroidManifest.xml:24:9-44
24
25    <uses-permission android:name="com.primaloptima.scribe.DYNAMIC_RECEIVER_NOT_EXPORTED_PERMISSION" />
25-->[androidx.core:core:1.18.0] AndroidManifest.xml:26:5-97
25-->[androidx.core:core:1.18.0] AndroidManifest.xml:26:22-94
26
27    <application
27-->src/main/AndroidManifest.xml:17:5-64:19
28        android:name="com.primaloptima.scribe.ScribeApp"
28-->src/main/AndroidManifest.xml:18:9-34
29        android:allowBackup="true"
29-->src/main/AndroidManifest.xml:19:9-35
30        android:appComponentFactory="androidx.core.app.CoreComponentFactory"
30-->[androidx.core:core:1.18.0] AndroidManifest.xml:28:18-86
31        android:dataExtractionRules="@xml/data_extraction_rules"
31-->src/main/AndroidManifest.xml:20:9-65
32        android:debuggable="true"
33        android:enableOnBackInvokedCallback="true"
33-->src/main/AndroidManifest.xml:27:9-51
34        android:extractNativeLibs="false"
34-->INJECTED
35        android:fullBackupContent="@xml/backup_rules"
35-->src/main/AndroidManifest.xml:21:9-54
36        android:icon="@mipmap/ic_launcher"
36-->src/main/AndroidManifest.xml:22:9-43
37        android:label="@string/app_name"
37-->src/main/AndroidManifest.xml:23:9-41
38        android:roundIcon="@mipmap/ic_launcher_round"
38-->src/main/AndroidManifest.xml:24:9-54
39        android:supportsRtl="true"
39-->src/main/AndroidManifest.xml:25:9-35
40        android:theme="@style/Theme.Scribe" >
40-->src/main/AndroidManifest.xml:26:9-44
41
42        <!-- ── Single activity host ───────────────────────────────────────── -->
43        <activity
43-->src/main/AndroidManifest.xml:31:9-42:20
44            android:name="com.primaloptima.scribe.ScribeActivity"
44-->src/main/AndroidManifest.xml:32:13-43
45            android:configChanges="orientation|screenSize|keyboardHidden|uiMode"
45-->src/main/AndroidManifest.xml:37:13-81
46            android:exported="true"
46-->src/main/AndroidManifest.xml:33:13-36
47            android:launchMode="singleTop"
47-->src/main/AndroidManifest.xml:35:13-43
48            android:theme="@style/Theme.Scribe.Splash.Dynamic"
48-->src/main/AndroidManifest.xml:34:13-63
49            android:windowSoftInputMode="adjustResize" >
49-->src/main/AndroidManifest.xml:36:13-55
50            <intent-filter>
50-->src/main/AndroidManifest.xml:38:13-41:29
51                <action android:name="android.intent.action.MAIN" />
51-->src/main/AndroidManifest.xml:39:17-69
51-->src/main/AndroidManifest.xml:39:25-66
52
53                <category android:name="android.intent.category.LAUNCHER" />
53-->src/main/AndroidManifest.xml:40:17-77
53-->src/main/AndroidManifest.xml:40:27-74
54            </intent-filter>
55        </activity>
56
57        <!--
58             Crash reporter — uses a built-in system theme so it can never
59             itself crash due to missing custom resources.
60        -->
61        <activity
61-->src/main/AndroidManifest.xml:46:9-51:51
62            android:name="com.primaloptima.scribe.CrashActivity"
62-->src/main/AndroidManifest.xml:47:13-42
63            android:excludeFromRecents="true"
63-->src/main/AndroidManifest.xml:50:13-46
64            android:exported="false"
64-->src/main/AndroidManifest.xml:48:13-37
65            android:launchMode="singleInstance"
65-->src/main/AndroidManifest.xml:51:13-48
66            android:theme="@android:style/Theme.DeviceDefault.Light.NoActionBar" />
66-->src/main/AndroidManifest.xml:49:13-81
67
68        <!-- File provider for sharing exported files -->
69        <provider
69-->INJECTED
70            android:name="androidx.core.content.FileProvider"
70-->src/main/AndroidManifest.xml:55:13-62
71            android:authorities="com.primaloptima.scribe.fileprovider"
71-->INJECTED
72            android:exported="false"
72-->src/main/AndroidManifest.xml:57:13-37
73            android:grantUriPermissions="true" >
73-->src/main/AndroidManifest.xml:58:13-47
74            <meta-data
74-->src/main/AndroidManifest.xml:59:13-61:63
75                android:name="android.support.FILE_PROVIDER_PATHS"
75-->src/main/AndroidManifest.xml:60:17-67
76                android:resource="@xml/file_provider_paths" />
76-->src/main/AndroidManifest.xml:61:17-60
77        </provider>
78
79        <activity
79-->[androidx.compose.ui:ui-tooling-android:1.11.3] AndroidManifest.xml:23:9-25:39
80            android:name="androidx.compose.ui.tooling.PreviewActivity"
80-->[androidx.compose.ui:ui-tooling-android:1.11.3] AndroidManifest.xml:24:13-71
81            android:exported="true" />
81-->[androidx.compose.ui:ui-tooling-android:1.11.3] AndroidManifest.xml:25:13-36
82
83        <provider
83-->[androidx.emoji2:emoji2:1.4.0] AndroidManifest.xml:24:9-32:20
84            android:name="androidx.startup.InitializationProvider"
84-->[androidx.emoji2:emoji2:1.4.0] AndroidManifest.xml:25:13-67
85            android:authorities="com.primaloptima.scribe.androidx-startup"
85-->[androidx.emoji2:emoji2:1.4.0] AndroidManifest.xml:26:13-68
86            android:exported="false" >
86-->[androidx.emoji2:emoji2:1.4.0] AndroidManifest.xml:27:13-37
87            <meta-data
87-->[androidx.emoji2:emoji2:1.4.0] AndroidManifest.xml:29:13-31:52
88                android:name="androidx.emoji2.text.EmojiCompatInitializer"
88-->[androidx.emoji2:emoji2:1.4.0] AndroidManifest.xml:30:17-75
89                android:value="androidx.startup" />
89-->[androidx.emoji2:emoji2:1.4.0] AndroidManifest.xml:31:17-49
90            <meta-data
90-->[androidx.lifecycle:lifecycle-process:2.11.0] AndroidManifest.xml:29:13-31:52
91                android:name="androidx.lifecycle.ProcessLifecycleInitializer"
91-->[androidx.lifecycle:lifecycle-process:2.11.0] AndroidManifest.xml:30:17-78
92                android:value="androidx.startup" />
92-->[androidx.lifecycle:lifecycle-process:2.11.0] AndroidManifest.xml:31:17-49
93            <meta-data
93-->[androidx.profileinstaller:profileinstaller:1.4.1] AndroidManifest.xml:29:13-31:52
94                android:name="androidx.profileinstaller.ProfileInstallerInitializer"
94-->[androidx.profileinstaller:profileinstaller:1.4.1] AndroidManifest.xml:30:17-85
95                android:value="androidx.startup" />
95-->[androidx.profileinstaller:profileinstaller:1.4.1] AndroidManifest.xml:31:17-49
96        </provider>
97
98        <uses-library
98-->[androidx.window:window:1.5.0] AndroidManifest.xml:23:9-25:40
99            android:name="androidx.window.extensions"
99-->[androidx.window:window:1.5.0] AndroidManifest.xml:24:13-54
100            android:required="false" />
100-->[androidx.window:window:1.5.0] AndroidManifest.xml:25:13-37
101        <uses-library
101-->[androidx.window:window:1.5.0] AndroidManifest.xml:26:9-28:40
102            android:name="androidx.window.sidecar"
102-->[androidx.window:window:1.5.0] AndroidManifest.xml:27:13-51
103            android:required="false" />
103-->[androidx.window:window:1.5.0] AndroidManifest.xml:28:13-37
104
105        <activity
105-->[androidx.compose.ui:ui-test-manifest:1.11.3] AndroidManifest.xml:23:9-26:79
106            android:name="androidx.activity.ComponentActivity"
106-->[androidx.compose.ui:ui-test-manifest:1.11.3] AndroidManifest.xml:24:13-63
107            android:exported="true"
107-->[androidx.compose.ui:ui-test-manifest:1.11.3] AndroidManifest.xml:25:13-36
108            android:theme="@android:style/Theme.Material.Light.NoActionBar" />
108-->[androidx.compose.ui:ui-test-manifest:1.11.3] AndroidManifest.xml:26:13-76
109
110        <service
110-->[androidx.room:room-runtime-android:2.8.4] AndroidManifest.xml:24:9-28:63
111            android:name="androidx.room.MultiInstanceInvalidationService"
111-->[androidx.room:room-runtime-android:2.8.4] AndroidManifest.xml:25:13-74
112            android:directBootAware="true"
112-->[androidx.room:room-runtime-android:2.8.4] AndroidManifest.xml:26:13-43
113            android:exported="false" />
113-->[androidx.room:room-runtime-android:2.8.4] AndroidManifest.xml:27:13-37
114
115        <receiver
115-->[androidx.profileinstaller:profileinstaller:1.4.1] AndroidManifest.xml:34:9-52:20
116            android:name="androidx.profileinstaller.ProfileInstallReceiver"
116-->[androidx.profileinstaller:profileinstaller:1.4.1] AndroidManifest.xml:35:13-76
117            android:directBootAware="false"
117-->[androidx.profileinstaller:profileinstaller:1.4.1] AndroidManifest.xml:36:13-44
118            android:enabled="true"
118-->[androidx.profileinstaller:profileinstaller:1.4.1] AndroidManifest.xml:37:13-35
119            android:exported="true"
119-->[androidx.profileinstaller:profileinstaller:1.4.1] AndroidManifest.xml:38:13-36
120            android:permission="android.permission.DUMP" >
120-->[androidx.profileinstaller:profileinstaller:1.4.1] AndroidManifest.xml:39:13-57
121            <intent-filter>
121-->[androidx.profileinstaller:profileinstaller:1.4.1] AndroidManifest.xml:40:13-42:29
122                <action android:name="androidx.profileinstaller.action.INSTALL_PROFILE" />
122-->[androidx.profileinstaller:profileinstaller:1.4.1] AndroidManifest.xml:41:17-91
122-->[androidx.profileinstaller:profileinstaller:1.4.1] AndroidManifest.xml:41:25-88
123            </intent-filter>
124            <intent-filter>
124-->[androidx.profileinstaller:profileinstaller:1.4.1] AndroidManifest.xml:43:13-45:29
125                <action android:name="androidx.profileinstaller.action.SKIP_FILE" />
125-->[androidx.profileinstaller:profileinstaller:1.4.1] AndroidManifest.xml:44:17-85
125-->[androidx.profileinstaller:profileinstaller:1.4.1] AndroidManifest.xml:44:25-82
126            </intent-filter>
127            <intent-filter>
127-->[androidx.profileinstaller:profileinstaller:1.4.1] AndroidManifest.xml:46:13-48:29
128                <action android:name="androidx.profileinstaller.action.SAVE_PROFILE" />
128-->[androidx.profileinstaller:profileinstaller:1.4.1] AndroidManifest.xml:47:17-88
128-->[androidx.profileinstaller:profileinstaller:1.4.1] AndroidManifest.xml:47:25-85
129            </intent-filter>
130            <intent-filter>
130-->[androidx.profileinstaller:profileinstaller:1.4.1] AndroidManifest.xml:49:13-51:29
131                <action android:name="androidx.profileinstaller.action.BENCHMARK_OPERATION" />
131-->[androidx.profileinstaller:profileinstaller:1.4.1] AndroidManifest.xml:50:17-95
131-->[androidx.profileinstaller:profileinstaller:1.4.1] AndroidManifest.xml:50:25-92
132            </intent-filter>
133        </receiver>
134    </application>
135
136</manifest>